<?xml version="1.0" encoding="UTF-8"?>
<!-- Generated by org.testng.reporters.JUnitReportReporter -->
<testsuite hostname="DESKTOP-1SMJ8JH" failures="0" tests="1" name="qa.testcases.Login_Test" time="1.729" errors="0" timestamp="2023-12-27T14:52:55 IST" skipped="0">
  <testcase classname="qa.testcases.Login_Test" name="login_Test" time="1.729"/>
  <system-out/>
</testsuite> <!-- qa.testcases.Login_Test -->
