<?xml version="1.0" encoding="UTF-8"?>
<!-- Generated by org.testng.reporters.JUnitReportReporter -->
<testsuite hostname="DESKTOP-1SMJ8JH" failures="0" tests="3" name="qa.testcases.Login_Test" time="6.312" errors="0" timestamp="2023-11-22T20:46:03 IST" skipped="0">
  <testcase classname="qa.testcases.Login_Test" name="login_Test" time="1.796"/>
  <system-out/>
  <testcase classname="qa.testcases.Login_Test" name="login_Test" time="2.061"/>
  <system-out/>
  <testcase classname="qa.testcases.Login_Test" name="login_Test" time="2.455"/>
  <system-out/>
</testsuite> <!-- qa.testcases.Login_Test -->
