<?xml version="1.0" encoding="UTF-8"?>
<!-- Generated by org.testng.reporters.JUnitReportReporter -->
<testsuite hostname="DESKTOP-1SMJ8JH" failures="0" tests="3" name="qa.testcases.User_Test" time="8.972" errors="0" timestamp="2023-11-22T20:46:03 IST" skipped="0">
  <testcase classname="qa.testcases.User_Test" name="openUserPage" time="2.745"/>
  <system-out/>
  <testcase classname="qa.testcases.User_Test" name="openUserPage" time="3.200"/>
  <system-out/>
  <testcase classname="qa.testcases.User_Test" name="openUserPage" time="3.027"/>
  <system-out/>
</testsuite> <!-- qa.testcases.User_Test -->
