<?xml version="1.0" encoding="UTF-8"?>
<!-- Generated by org.testng.reporters.JUnitReportReporter -->
<testsuite hostname="DESKTOP-1SMJ8JH" failures="0" tests="2" name="qa.testcases.User_Test" time="16.920" errors="0" timestamp="2023-12-26T00:52:31 IST" skipped="0">
  <testcase classname="qa.testcases.User_Test" name="openUserPage" time="3.282"/>
  <system-out/>
  <testcase classname="qa.testcases.User_Test" name="addUserDetails" time="13.638"/>
  <system-out/>
</testsuite> <!-- qa.testcases.User_Test -->
