<?xml version="1.0" encoding="UTF-8"?>
<!-- Generated by org.testng.reporters.JUnitReportReporter -->
<testsuite hostname="DESKTOP-1SMJ8JH" failures="0" tests="1" name="qa.testcases.Login_Test" time="1.692" errors="0" timestamp="2023-12-14T23:06:18 IST" skipped="0">
  <testcase classname="qa.testcases.Login_Test" name="login_Test" time="1.692"/>
  <system-out/>
</testsuite> <!-- qa.testcases.Login_Test -->
