<?xml version="1.0" encoding="UTF-8"?>
<!-- Generated by org.testng.reporters.JUnitReportReporter -->
<testsuite hostname="DESKTOP-1SMJ8JH" failures="0" tests="1" name="qa.testcases.User_Test" time="0.000" errors="0" timestamp="2023-11-22T12:48:24 IST" skipped="1">
  <testcase classname="qa.testcases.User_Test" name="openUserPage" time="0.000">
    <skipped/>
  </testcase> <!-- openUserPage -->
  <system-out/>
</testsuite> <!-- qa.testcases.User_Test -->
